1;41;E:\360\Code History\BackUp\PT_Average_Indicator\PT_Average_Indicator_2_for_BackUp.mq4;1:1;'ignore' - expression on global scope not allowed
2;75;E:\360\Code History\BackUp\PT_Average_Indicator\PT_Average_Indicator_2_for_BackUp.mq4;1:1;'ignore' - variable not defined
1;41;E:\360\Code History\BackUp\PT_Average_Indicator\PT_Average_Indicator_2_for_BackUp.mq4;1:8;'some' - expression on global scope not allowed
2;75;E:\360\Code History\BackUp\PT_Average_Indicator\PT_Average_Indicator_2_for_BackUp.mq4;1:8;'some' - variable not defined
1;41;E:\360\Code History\BackUp\PT_Average_Indicator\PT_Average_Indicator_2_for_BackUp.mq4;1:13;'rare' - expression on global scope not allowed
2;75;E:\360\Code History\BackUp\PT_Average_Indicator\PT_Average_Indicator_2_for_BackUp.mq4;1:13;'rare' - variable not defined
1;41;E:\360\Code History\BackUp\PT_Average_Indicator\PT_Average_Indicator_2_for_BackUp.mq4;1:18;'bars' - expression on global scope not allowed
2;75;E:\360\Code History\BackUp\PT_Average_Indicator\PT_Average_Indicator_2_for_BackUp.mq4;1:18;'bars' - variable not defined
1;41;E:\360\Code History\BackUp\PT_Average_Indicator\PT_Average_Indicator_2_for_BackUp.mq4;1:23;'whosing' - expression on global scope not allowed
2;75;E:\360\Code History\BackUp\PT_Average_Indicator\PT_Average_Indicator_2_for_BackUp.mq4;1:23;'whosing' - variable not defined
1;41;E:\360\Code History\BackUp\PT_Average_Indicator\PT_Average_Indicator_2_for_BackUp.mq4;1:31;'coming' - expression on global scope not allowed
2;75;E:\360\Code History\BackUp\PT_Average_Indicator\PT_Average_Indicator_2_for_BackUp.mq4;1:31;'coming' - variable not defined
1;41;E:\360\Code History\BackUp\PT_Average_Indicator\PT_Average_Indicator_2_for_BackUp.mq4;1:38;'means' - expression on global scope not allowed
2;75;E:\360\Code History\BackUp\PT_Average_Indicator\PT_Average_Indicator_2_for_BackUp.mq4;1:38;'means' - variable not defined
1;41;E:\360\Code History\BackUp\PT_Average_Indicator\PT_Average_Indicator_2_for_BackUp.mq4;1:44;'a' - expression on global scope not allowed
2;75;E:\360\Code History\BackUp\PT_Average_Indicator\PT_Average_Indicator_2_for_BackUp.mq4;1:44;'a' - variable not defined
1;41;E:\360\Code History\BackUp\PT_Average_Indicator\PT_Average_Indicator_2_for_BackUp.mq4;1:46;'weak' - expression on global scope not allowed
2;75;E:\360\Code History\BackUp\PT_Average_Indicator\PT_Average_Indicator_2_for_BackUp.mq4;1:46;'weak' - variable not defined
1;41;E:\360\Code History\BackUp\PT_Average_Indicator\PT_Average_Indicator_2_for_BackUp.mq4;1:51;'reverse' - expression on global scope not allowed
2;75;E:\360\Code History\BackUp\PT_Average_Indicator\PT_Average_Indicator_2_for_BackUp.mq4;1:51;'reverse' - variable not defined
