[HQHOST]
HostNum=18
PrimaryHost=0

HostName01=上海电信主站Z1
IPAddress01=180.153.18.170
Port01=7709
Areas01=1

HostName02=上海电信主站Z2
IPAddress02=180.153.18.171
Port02=7709
Areas02=1

HostName03=上海电信主站Z80
IPAddress03=180.153.18.172
Port03=80
Areas03=1

HostName04=北京联通主站Z1
IPAddress04=202.108.253.130
Port04=7709
Areas04=2

HostName05=北京联通主站Z2
IPAddress05=202.108.253.131
Port05=7709
Areas05=2

HostName06=北京联通主站Z80
IPAddress06=202.108.253.139
Port06=80
Areas06=2

HostName07=杭州电信主站J1
IPAddress07=60.191.117.167
Port07=7709
Areas07=1

HostName08=杭州电信主站J2
IPAddress08=115.238.56.198
Port08=7709
Areas08=1

HostName09=杭州电信主站J3
IPAddress09=218.75.126.9
Port09=7709
Areas09=1

HostName10=杭州电信主站J4
IPAddress10=115.238.90.165
Port10=7709
Areas10=1

HostName11=杭州联通主站J1
IPAddress11=124.160.88.183
Port11=7709
Areas11=2

HostName12=杭州联通主站J2
IPAddress12=60.12.136.250
Port12=7709
Areas12=2

HostName13=杭州华数主站J1
IPAddress13=218.108.98.244
Port13=7709
Areas13=3

HostName14=杭州华数主站J2
IPAddress14=218.108.47.69
Port14=7709
Areas14=3

HostName15=义乌移动主站J1
IPAddress15=223.94.89.115
Port15=7709
Areas15=0

HostName16=青岛联通主站W1
IPAddress16=218.57.11.101
Port16=7709
Areas16=2

HostName17=青岛电信主站W1
IPAddress17=58.58.33.123
Port17=7709
Areas17=1

HostName18=深圳电信主站Z1
IPAddress18=14.17.75.71
Port18=7709
Areas18=1


[WTHOST]
HostNum=16

HostName01=上海电信主站Z1
IPAddress01=180.153.18.180
Port01=7708
HostType01=0
Areas01=1

HostName02=上海电信主站Z2
IPAddress02=180.153.18.184
Port02=7708
HostType02=0
Areas02=1

HostName03=深圳电信主站Z1
IPAddress03=116.7.237.81
Port03=7708
HostType03=0
Areas03=1

HostName04=北京联通主站Z1
IPAddress04=202.108.253.186
Port04=7708
HostType04=0
Areas04=2

HostName05=杭州华数主站J1
IPAddress05=218.108.98.248
Port05=7708
HostType05=0
Areas05=3

HostName06=杭州电信主站J1
IPAddress06=115.238.56.181
Port06=7708
HostType06=0
Areas06=1

HostName07=杭州联通主站J1
IPAddress07=124.160.88.188
Port07=7708
HostType07=0
Areas07=2

HostName08=青岛联通主站W1
IPAddress08=218.58.76.77
Port08=7708
HostType08=0
Areas08=2

HostName09=青岛联通主站W2
IPAddress09=221.3.11.116
Port09=7708
HostType09=0
Areas09=2

HostName10=上海电信主站Z1
IPAddress10=180.153.18.180
Port10=7708
HostType10=1
Areas10=1

HostName11=上海电信主站Z2
IPAddress11=180.153.18.184
Port11=7708
HostType11=1
Areas11=1

HostName12=深圳电信主站Z1
IPAddress12=116.7.237.81
Port12=7708
HostType12=1
Areas12=1

HostName13=北京联通主站Z1
IPAddress13=202.108.253.186
Port13=7708
HostType13=1
Areas13=2

HostName14=杭州华数主站J1
IPAddress14=218.108.98.248
Port14=7708
HostType14=1
Areas14=3

HostName15=杭州电信主站J1
IPAddress15=115.238.56.181
Port15=7708
HostType15=1
Areas15=1

HostName16=杭州联通主站J1
IPAddress16=124.160.88.188
Port16=7708
HostType16=1
Areas16=2

HostName17=青岛联通主站W1
IPAddress17=218.58.76.77
Port17=7708
HostType17=1
Areas17=2

HostName18=青岛联通主站W2
IPAddress18=221.3.11.116
Port18=7708
HostType18=1
Areas18=2

[DSHOST]
HostNum=8
PrimaryHost=0
HostName01=上海电信主站Z1
IPAddress01=180.153.18.176
Port01=7721
Areas01=1

HostName02=北京联通主站Z1
IPAddress02=202.108.253.154
Port02=7721
Areas02=2

HostName03=杭州电信主站J1
IPAddress03=115.238.56.196
Port03=7721
Areas03=1

HostName04=杭州电信主站J2
IPAddress04=115.238.90.170
Port04=7721
Areas04=1

HostName05=杭州联通主站J1
IPAddress05=60.12.136.251
Port05=7721
Areas05=2

HostName06=杭州华数主站J1
IPAddress06=218.108.98.244
Port06=7721
Areas06=3

HostName07=青岛联通主站W1
IPAddress07=218.57.11.74
Port07=7721
Areas07=2

HostName08=青岛电信主站W1
IPAddress08=58.58.33.118
Port08=7721
Areas08=1